============================== Prover9 ===============================
Prover9 (64) version 2009-11A, November 2009.
Process 4843 was started by alan on julien777hx,
Wed Apr 10 14:53:57 2024
The command was "prover9 -f exercice5.in".
============================== end of head ===========================

============================== INPUT =================================

% Reading from file exercice5.in


formulas(assumptions).
(all x all y (A(x,y) -> C(x,y))).
(all x all y ((exists z (C(x,z) & A(z,y))) -> C(x,y))).
-(exists x C(x,x)).
end_of_list.

formulas(goals).
(all x all y -A(x,y)) | -A(y,x).
end_of_list.

============================== end of input ==========================

============================== PROCESS NON-CLAUSAL FORMULAS ==========

% Formulas that are not ordinary clauses:
1 (all x all y (A(x,y) -> C(x,y))) # label(non_clause).  [assumption].
2 (all x all y ((exists z (C(x,z) & A(z,y))) -> C(x,y))) # label(non_clause).  [assumption].
3 -(exists x C(x,x)) # label(non_clause).  [assumption].
4 (all x all y -A(x,y)) | -A(y,x) # label(non_clause) # label(goal).  [goal].

============================== end of process non-clausal formulas ===

============================== PROCESS INITIAL CLAUSES ===============

% Clauses before input processing:

formulas(usable).
end_of_list.

formulas(sos).
-A(x,y) | C(x,y).  [clausify(1)].
-C(x,y) | -A(y,z) | C(x,z).  [clausify(2)].
-C(x,x).  [clausify(3)].
A(c3,c4).  [deny(4)].
A(c1,c2).  [deny(4)].
end_of_list.

formulas(demodulators).
end_of_list.

============================== PREDICATE ELIMINATION =================

Eliminating A/2
5 A(c3,c4).  [deny(4)].
6 -A(x,y) | C(x,y).  [clausify(1)].
7 -C(x,y) | -A(y,z) | C(x,z).  [clausify(2)].
Derived: C(c3,c4).  [resolve(5,a,6,a)].
Derived: -C(x,c3) | C(x,c4).  [resolve(5,a,7,b)].
8 A(c1,c2).  [deny(4)].
Derived: C(c1,c2).  [resolve(8,a,6,a)].
Derived: -C(x,c1) | C(x,c2).  [resolve(8,a,7,b)].

============================== end predicate elimination =============

Auto_denials:  (no changes).

Term ordering decisions:
Predicate symbol precedence:  predicate_order([ C ]).
Function symbol precedence:  function_order([ c1, c2, c3, c4 ]).
After inverse_order:  (no changes).
Unfolding symbols: (none).

Auto_inference settings:
  % set(neg_binary_resolution).  % (HNE depth_diff=0)
  % clear(ordered_res).  % (HNE depth_diff=0)
  % set(ur_resolution).  % (HNE depth_diff=0)
    % set(ur_resolution) -> set(pos_ur_resolution).
    % set(ur_resolution) -> set(neg_ur_resolution).

Auto_process settings:  (no changes).

kept:      9 -C(x,x).  [clausify(3)].
kept:      10 C(c3,c4).  [resolve(5,a,6,a)].
kept:      11 -C(x,c3) | C(x,c4).  [resolve(5,a,7,b)].
kept:      12 C(c1,c2).  [resolve(8,a,6,a)].
kept:      13 -C(x,c1) | C(x,c2).  [resolve(8,a,7,b)].

============================== end of process initial clauses ========

============================== CLAUSES FOR SEARCH ====================

% Clauses after input processing:

formulas(usable).
end_of_list.

formulas(sos).
9 -C(x,x).  [clausify(3)].
10 C(c3,c4).  [resolve(5,a,6,a)].
11 -C(x,c3) | C(x,c4).  [resolve(5,a,7,b)].
12 C(c1,c2).  [resolve(8,a,6,a)].
13 -C(x,c1) | C(x,c2).  [resolve(8,a,7,b)].
end_of_list.

formulas(demodulators).
end_of_list.

============================== end of clauses for search =============

============================== SEARCH ================================

% Starting search at 0.00 seconds.

given #1 (I,wt=3): 9 -C(x,x).  [clausify(3)].

given #2 (I,wt=3): 10 C(c3,c4).  [resolve(5,a,6,a)].

given #3 (I,wt=6): 11 -C(x,c3) | C(x,c4).  [resolve(5,a,7,b)].

given #4 (I,wt=3): 12 C(c1,c2).  [resolve(8,a,6,a)].

given #5 (I,wt=6): 13 -C(x,c1) | C(x,c2).  [resolve(8,a,7,b)].

given #6 (A,wt=3): 14 -C(c4,c3).  [resolve(11,b,9,a)].

given #7 (F,wt=3): 15 -C(c2,c1).  [resolve(13,b,9,a)].

============================== STATISTICS ============================

Given=7. Generated=9. Kept=7. proofs=0.
Usable=7. Sos=0. Demods=0. Limbo=0, Disabled=9. Hints=0.
Kept_by_rule=0, Deleted_by_rule=0.
Forward_subsumed=2. Back_subsumed=0.
Sos_limit_deleted=0. Sos_displaced=0. Sos_removed=0.
New_demodulators=0 (0 lex), Back_demodulated=0. Back_unit_deleted=0.
Demod_attempts=0. Demod_rewrites=0.
Res_instance_prunes=0. Para_instance_prunes=0. Basic_paramod_prunes=0.
Nonunit_fsub_feature_tests=0. Nonunit_bsub_feature_tests=4.
Megabytes=0.04.
User_CPU=0.00, System_CPU=0.00, Wall_clock=0.

============================== end of statistics =====================

============================== end of search =========================

SEARCH FAILED

Exiting with failure.

Process 4843 exit (sos_empty) Wed Apr 10 14:53:57 2024
