============================== Prover9 ===============================
Prover9 (64) version 2009-11A, November 2009.
Process 4103 was started by alan on julien777hx,
Wed Apr 10 14:49:03 2024
The command was "prover9 -f exercice3-1.in".
============================== end of head ===========================

============================== INPUT =================================

% Reading from file exercice3-1.in

set(binary_resolution).
clear(print_initial_clauses).
clear(print_kept).
clear(print_given).
assign(max_seconds,10).
assign(stats,none).

formulas(assumptions).
p & q.
p -> r.
q & r -> s.
end_of_list.

formulas(goals).
s.
end_of_list.

============================== end of input ==========================

============================== PROCESS NON-CLAUSAL FORMULAS ==========

% Formulas that are not ordinary clauses:
1 p & q # label(non_clause).  [assumption].
2 p -> r # label(non_clause).  [assumption].
3 q & r -> s # label(non_clause).  [assumption].
4 s # label(non_clause) # label(goal).  [goal].

============================== end of process non-clausal formulas ===

============================== PROCESS INITIAL CLAUSES ===============

============================== PREDICATE ELIMINATION =================

No predicates eliminated.

============================== end predicate elimination =============

Auto_denials:  (no changes).

Term ordering decisions:
Predicate symbol precedence:  predicate_order([ p, q, r, s ]).
Function symbol precedence:  function_order([ ]).
After inverse_order:  (no changes).
Unfolding symbols: (none).

Auto_inference settings:
  % set(neg_binary_resolution).  % (HNE depth_diff=0)
  % clear(ordered_res).  % (HNE depth_diff=0)
  % set(ur_resolution).  % (HNE depth_diff=0)
    % set(ur_resolution) -> set(pos_ur_resolution).
    % set(ur_resolution) -> set(neg_ur_resolution).

Auto_process settings:  (no changes).

============================== end of process initial clauses ========

============================== CLAUSES FOR SEARCH ====================

============================== end of clauses for search =============

============================== SEARCH ================================

% Starting search at 0.00 seconds.

============================== PROOF =================================

% Proof 1 at 0.00 (+ 0.00) seconds.
% Length of proof is 12.
% Level of proof is 3.
% Maximum clause weight is 3.000.
% Given clauses 5.

1 p & q # label(non_clause).  [assumption].
2 p -> r # label(non_clause).  [assumption].
3 q & r -> s # label(non_clause).  [assumption].
4 s # label(non_clause) # label(goal).  [goal].
5 p.  [clausify(1)].
6 q.  [clausify(1)].
7 -p | r.  [clausify(2)].
8 -q | -r | s.  [clausify(3)].
9 -s.  [deny(4)].
10 r.  [resolve(7,a,5,a)].
12 -r.  [ur(8,a,6,a,c,9,a)].
13 $F.  [resolve(12,a,10,a)].

============================== end of proof ==========================

============================== STATISTICS ============================

Given=5. Generated=9. Kept=8. proofs=1.
Usable=4. Sos=1. Demods=0. Limbo=1, Disabled=6. Hints=0.
Megabytes=0.03.
User_CPU=0.00, System_CPU=0.00, Wall_clock=0.

============================== end of statistics =====================

============================== end of search =========================

THEOREM PROVED

Exiting with 1 proof.

Process 4103 exit (max_proofs) Wed Apr 10 14:49:03 2024
