============================== Prover9 ===============================
Prover9 (64) version 2009-11A, November 2009.
Process 4157 was started by alan on julien777hx,
Wed Apr 10 14:49:44 2024
The command was "prover9 -f exercice3-6.in".
============================== end of head ===========================

============================== INPUT =================================

% Reading from file exercice3-6.in

set(binary_resolution).
clear(print_initial_clauses).
clear(print_kept).
clear(print_given).
assign(max_seconds,10).
assign(stats,none).

formulas(assumptions).
end_of_list.

formulas(goals).
(a -> (b -> c)) -> ((a -> b) -> (a -> c)).
end_of_list.

============================== end of input ==========================

============================== PROCESS NON-CLAUSAL FORMULAS ==========

% Formulas that are not ordinary clauses:
1 (a -> (b -> c)) -> ((a -> b) -> (a -> c)) # label(non_clause) # label(goal).  [goal].

============================== end of process non-clausal formulas ===

============================== PROCESS INITIAL CLAUSES ===============

============================== PREDICATE ELIMINATION =================

No predicates eliminated.

============================== end predicate elimination =============

Auto_denials:  (no changes).

Term ordering decisions:
Predicate symbol precedence:  predicate_order([ a, b, c ]).
Function symbol precedence:  function_order([ ]).
After inverse_order:  (no changes).
Unfolding symbols: (none).

Auto_inference settings:
  % set(neg_binary_resolution).  % (HNE depth_diff=0)
  % clear(ordered_res).  % (HNE depth_diff=0)
  % set(ur_resolution).  % (HNE depth_diff=0)
    % set(ur_resolution) -> set(pos_ur_resolution).
    % set(ur_resolution) -> set(neg_ur_resolution).

Auto_process settings:  (no changes).

============================== end of process initial clauses ========

============================== CLAUSES FOR SEARCH ====================

============================== end of clauses for search =============

============================== SEARCH ================================

% Starting search at 0.00 seconds.

============================== PROOF =================================

% Proof 1 at 0.00 (+ 0.00) seconds.
% Length of proof is 8.
% Level of proof is 3.
% Maximum clause weight is 3.000.
% Given clauses 4.

1 (a -> (b -> c)) -> ((a -> b) -> (a -> c)) # label(non_clause) # label(goal).  [goal].
2 -a | -b | c.  [deny(1)].
3 -a | b.  [deny(1)].
4 a.  [deny(1)].
5 -c.  [deny(1)].
6 b.  [resolve(4,a,3,a)].
8 -b.  [ur(2,a,4,a,c,5,a)].
9 $F.  [resolve(8,a,6,a)].

============================== end of proof ==========================

============================== STATISTICS ============================

Given=4. Generated=8. Kept=7. proofs=1.
Usable=3. Sos=1. Demods=0. Limbo=1, Disabled=5. Hints=0.
Megabytes=0.03.
User_CPU=0.00, System_CPU=0.00, Wall_clock=0.

============================== end of statistics =====================

============================== end of search =========================

THEOREM PROVED

Exiting with 1 proof.

Process 4157 exit (max_proofs) Wed Apr 10 14:49:44 2024
