============================== Prover9 ===============================
Prover9 (64) version 2009-11A, November 2009.
Process 4169 was started by alan on julien777hx,
Wed Apr 10 14:49:55 2024
The command was "prover9 -f exercice3-7.in".
============================== end of head ===========================

============================== INPUT =================================

% Reading from file exercice3-7.in

set(binary_resolution).
clear(print_initial_clauses).
clear(print_kept).
clear(print_given).
assign(max_seconds,10).
assign(stats,none).

formulas(assumptions).
end_of_list.

formulas(goals).
(s -> r) & p & -r -> -s & -r & p.
end_of_list.

============================== end of input ==========================

============================== PROCESS NON-CLAUSAL FORMULAS ==========

% Formulas that are not ordinary clauses:
1 (s -> r) & p & -r -> -s & -r & p # label(non_clause) # label(goal).  [goal].

============================== end of process non-clausal formulas ===

============================== PROCESS INITIAL CLAUSES ===============

============================== PREDICATE ELIMINATION =================

No predicates eliminated.

============================== end predicate elimination =============

Auto_denials:  (non-Horn, no changes).

Term ordering decisions:
Predicate symbol precedence:  predicate_order([ p, r, s ]).
Function symbol precedence:  function_order([ ]).
After inverse_order:  (no changes).
Unfolding symbols: (none).

Auto_inference settings:
  % set(binary_resolution).  % (non-Horn)
  % set(neg_ur_resolution).  % (non-Horn, less than 100 clauses)

Auto_process settings:
  % set(factor).  % (non-Horn)
  % set(unit_deletion).  % (non-Horn)

============================== PROOF =================================

% Proof 1 at 0.00 (+ 0.00) seconds.
% Length of proof is 7.
% Level of proof is 3.
% Maximum clause weight is 2.000.
% Given clauses 0.

1 (s -> r) & p & -r -> -s & -r & p # label(non_clause) # label(goal).  [goal].
2 -s | r.  [deny(1)].
3 p.  [deny(1)].
4 -r.  [deny(1)].
5 s | r | -p.  [deny(1)].
6 s.  [copy(5),unit_del(b,4),unit_del(c,3)].
7 $F.  [back_unit_del(2),unit_del(a,6),unit_del(b,4)].

============================== end of proof ==========================

============================== STATISTICS ============================

Given=0. Generated=5. Kept=4. proofs=1.
Usable=0. Sos=1. Demods=0. Limbo=2, Disabled=5. Hints=0.
Megabytes=0.03.
User_CPU=0.00, System_CPU=0.00, Wall_clock=0.

============================== end of statistics =====================

============================== end of search =========================

THEOREM PROVED

Exiting with 1 proof.

Process 4169 exit (max_proofs) Wed Apr 10 14:49:55 2024
