============================== Prover9 ===============================
Prover9 (64) version 2009-11A, November 2009.
Process 3983 was started by alan on julien777hx,
Wed Apr 10 14:48:15 2024
The command was "prover9 -f exercice1.in".
============================== end of head ===========================

============================== INPUT =================================

% Reading from file exercice1.in

set(binary_resolution).
clear(print_initial_clauses).
clear(print_kept).
clear(print_given).
assign(max_seconds,10).
assign(stats,none).

formulas(assumptions).
end_of_list.

formulas(goals).
-(-p | -(-q -> r)).
end_of_list.

============================== end of input ==========================

============================== PROCESS NON-CLAUSAL FORMULAS ==========

% Formulas that are not ordinary clauses:
1 -(-p | -(-q -> r)) # label(non_clause) # label(goal).  [goal].

============================== end of process non-clausal formulas ===

============================== PROCESS INITIAL CLAUSES ===============

============================== PREDICATE ELIMINATION =================

No predicates eliminated.

============================== end predicate elimination =============

Auto_denials:
  % assign(max_proofs, 2).  % (Horn set with more than one neg. clause)

WARNING, because some of the denials share constants,
some of the denials or their descendents may be subsumed,
preventing the target number of proofs from being found.
The shared constants are:  p.

Term ordering decisions:
Predicate symbol precedence:  predicate_order([ p, q, r ]).
Function symbol precedence:  function_order([ ]).
After inverse_order:  (no changes).
Unfolding symbols: (none).

Auto_inference settings:
  % set(neg_binary_resolution).  % (HNE depth_diff=0)
  % clear(ordered_res).  % (HNE depth_diff=0)
  % set(ur_resolution).  % (HNE depth_diff=0)
    % set(ur_resolution) -> set(pos_ur_resolution).
    % set(ur_resolution) -> set(neg_ur_resolution).

Auto_process settings:
  % set(unit_deletion).  % (Horn set with negative nonunits)

============================== end of process initial clauses ========

============================== CLAUSES FOR SEARCH ====================

============================== end of clauses for search =============

============================== SEARCH ================================

% Starting search at 0.00 seconds.

============================== STATISTICS ============================

Given=2. Generated=2. Kept=2. proofs=0.
Usable=2. Sos=0. Demods=0. Limbo=0, Disabled=2. Hints=0.
Megabytes=0.02.
User_CPU=0.00, System_CPU=0.00, Wall_clock=0.

============================== end of statistics =====================

============================== end of search =========================

SEARCH FAILED

Exiting with failure.

Process 3983 exit (sos_empty) Wed Apr 10 14:48:15 2024
